-Xajruntimetarget:1.5
-Xlint:ignore
-1.8
-encoding
UTF-8
-outxml
-showWeaveInfo
-source
1.8
-target
1.8
-verbose
-classpath
/Users/yoolin/.m2/repository/com/alibaba/fastjson/1.2.70/fastjson-1.2.70.jar:/Users/yoolin/.m2/repository/com/squareup/okhttp3/okhttp/3.12.2/okhttp-3.12.2.jar:/Users/yoolin/.m2/repository/org/aspectj/aspectjweaver/1.9.6/aspectjweaver-1.9.6.jar:/Users/yoolin/.m2/repository/org/projectlombok/lombok/1.18.16/lombok-1.18.16.jar:/Users/yoolin/.m2/repository/com/squareup/okio/okio/1.15.0/okio-1.15.0.jar:/Users/yoolin/IdeaProjects/rpcfx/rpcfx-core/target/classes
-aspectpath
/Users/yoolin/.m2/repository/org/aspectj/aspectjweaver/1.9.6/aspectjweaver-1.9.6.jar
-d
/Users/yoolin/IdeaProjects/rpcfx/rpcfx-core/target/classes
/Users/yoolin/IdeaProjects/rpcfx/rpcfx-core/src/main/java/com/github/yooryan/server/RpcfxInvoker.java
/Users/yoolin/IdeaProjects/rpcfx/rpcfx-core/src/main/java/com/github/yooryan/aop/RpcAspect.aj
/Users/yoolin/IdeaProjects/rpcfx/rpcfx-core/src/main/java/com/github/yooryan/aop/RpcService.java
/Users/yoolin/IdeaProjects/rpcfx/rpcfx-core/src/main/java/com/github/yooryan/aop/RpcAspect.java
/Users/yoolin/IdeaProjects/rpcfx/rpcfx-core/src/main/java/com/github/yooryan/api/RpcfxRequest.java
/Users/yoolin/IdeaProjects/rpcfx/rpcfx-core/src/main/java/com/github/yooryan/api/RpcfxResolver.java
/Users/yoolin/IdeaProjects/rpcfx/rpcfx-core/src/main/java/com/github/yooryan/api/RpcfxResponse.java
/Users/yoolin/IdeaProjects/rpcfx/rpcfx-core/src/main/java/com/github/yooryan/exception/RpcFxException.java
/Users/yoolin/IdeaProjects/rpcfx/rpcfx-core/src/main/java/com/github/yooryan/client/Rpcfx.java
